* using log directory ‘/home/chris/Dropbox/svgmaps/pkg.Rcheck’
* using R version 2.12.1 (2010-12-16)
* using platform: i686-pc-linux-gnu (32-bit)
* using session charset: UTF-8
* checking for file ‘pkg/DESCRIPTION’ ... OK
* checking extension type ... Package
* this is package ‘svgmaps’ version ‘0.1-0’
* checking package name space information ... OK
* checking package dependencies ... OK
* checking if this is a source package ... OK
* checking for executable files ... OK
* checking whether package ‘svgmaps’ can be installed ... OK
* checking package directory ... OK
* checking for portable file names ... WARNING
Found the following file(s) with non-portable file names:
  .svn/text-base/TODO~.svn-base
  .svn/text-base/dependencies.txt~.svn-base
These are not fully portable file names.
See section 'Package structure' in manual 'Writing R Extensions'.
* checking for sufficient/correct file permissions ... OK
* checking DESCRIPTION meta-information ... WARNING
Non-standard license specification:
  What license is it under?
Standardizable: FALSE
* checking top-level files ... OK
* checking index information ... WARNING
Empty or missing file ‘demo/00Index’.
See the information on INDEX files and package subdirectories in the
chapter 'Creating R packages' of the 'Writing R Extensions' manual.
* checking package subdirectories ... WARNING
Invalid citation information in 'inst/CITATION':
  arguments imply differing number of rows: 1, 0
* checking R files for non-ASCII characters ... OK
* checking R files for syntax errors ... OK
* checking whether the package can be loaded ... OK
* checking whether the package can be loaded with stated dependencies ... OK
* checking whether the package can be unloaded cleanly ... OK
* checking whether the name space can be loaded with stated dependencies ... OK
* checking whether the name space can be unloaded cleanly ... OK
* checking for unstated dependencies in R code ... WARNING
'library' or 'require' call not declared from: lib.loc
See the information on DESCRIPTION files in the chapter 'Creating R
packages' of the 'Writing R Extensions' manual.
* checking S3 generic/method consistency ... OK
* checking replacement functions ... OK
* checking foreign function calls ... OK
* checking R code for possible problems ... NOTE
.help.ESS: no visible global function definition for ‘index.search’
.help.ESS: no visible global function definition for ‘find.package’
osmar_merge_coords_attrs: no visible binding for global variable
  ‘variable’
osmar_ways2Polygons: no visible binding for global variable
  ‘element_id’
svgmap: no visible binding for global variable ‘geom’
* checking Rd files ... OK
* checking Rd metadata ... OK
* checking Rd cross-references ... OK
* checking for missing documentation entries ... WARNING
Undocumented code objects:
  checkMapping getData get_bbox osmar_attrs_to_tags osmar_coords_nodes
  osmar_coords_relations osmar_coords_ways osmar_long
  osmar_merge_attrs_and_tags osmar_merge_coords_attrs osmar_nodes_long
  osmar_relations_long osmar_ways2Polygons osmar_ways_long sp_long
  spatialGridDataFrame_long spatialLinesDataFrame_long
  spatialPixelsDataFrame_long spatialPointsDataFrame_long
  spatialPolygonsDataFrame_long svgmap
Undocumented data sets:
  home home.sp muc
All user-level objects in a package should have documentation entries.
See the chapter 'Writing R documentation files' in manual 'Writing R
Extensions'.
* checking for code/documentation mismatches ... OK
* checking Rd \usage sections ... OK
* checking Rd contents ... OK
* checking for unstated dependencies in examples ... NOTE
keine gparsten Dateien gefunden
* checking data for non-ASCII characters ... WARNING
  Note: found 76 marked UTF-8 string(s)
  Warning: found non-ASCII string(s)
  'Eckhart W<c3><b6>rner' in object 'home'
  'Gl<c3><bc>cki' in object 'home'
  'jr<c3><b6>' in object 'home'
  'Tsch<c3><a4>fer' in object 'home'
  'Walter Schl<c3><b6>gl' in object 'home'
  '21<c2><a0>61<c2><a0>75' in object 'home'
  '36 R<c3><bc>ckgeb<c3><a4>ude' in object 'home'
  '71<c2><a0>23<c2><a0>25' in object 'home'
  '78<c2><a0>28<c2><a0>58' in object 'home'
  'ACHAT Hotel M<c3><bc>nchen-S<c3><bc>d' in object 'home'
  'Aichacher Stra<c3><9f>e' in object 'home'
  'Aidenbachstra<c3><9f>e' in object 'home'
  'Alter M<c3><bc>nchner' in object 'home'
  'Ambacher Stra<c3><9f>e' in object 'home'
  'Apotheke im real,- S<c3><bc>d' in object 'home'
  'Arader Stra<c3><9f>e' in object 'home'
  '<c3><84>skulap-Apotheke' in object 'home'
  'Aurikelstra<c3><9f>e' in object 'home'
  'B<c3><a4>cker Bachmeier' in object 'home'
  'B<c3><a4>ckerei' in object 'home'
  'B<c3><a4>ckerei Eichinger' in object 'home'
  'Bannwaldseestra<c3><9f>e' in object 'home'
  'Basler Stra<c3><9f>e' in object 'home'
  'Baustellen-Infocontainer Mittlerer Ring S<c3><bc>dwest' in object 'home'
  'Berner Stra<c3><9f>e' in object 'home'
  'Boschetsrieder Stra<c3><9f>e' in object 'home'
  'Bruderm<c3><bc>hlstra<c3><9f>e' in object 'home'
  'B<c3><bc>cher Kindt' in object 'home'
  'B<c3><bc>cher Oertzen' in object 'home'
  'Caf<c3><a9> Conditorei Groha' in object 'home'
  'Caf<c3><a9> Fischer' in object 'home'
  'Caf<c3><a9> & Konditorei Kreuzhof' in object 'home'
  'Cimbernstra<c3><9f>e' in object 'home'
  'D<c3><b6>ner' in object 'home'
  'Ebernburgstra<c3><9f>e' in object 'home'
  'Ehrwalder Stra<c3><9f>e' in object 'home'
  'Esterbergst<c3><bc>berl' in object 'home'
  'Ettalstra<c3><9f>e' in object 'home'
  'Europcar M<c3><bc>nchen Sendling' in object 'home'
  'Feldafinger Stra<c3><9f>e' in object 'home'
  'Feld f<c3><bc>r Sommervariante vom Einsstockschie<c3><9f>en' in object 'home'
  'Fernpa<c3><9f>stra<c3><9f>e' in object 'home'
  'First Reiseb<c3><bc>ro' in object 'home'
  'FON-in-der-Wuermseestra<c3><9f>e' in object 'home'
  'FON-Werdenfelsstra<c3><9f>e' in object 'home'
  'Forstenried; F<c3><bc>rstenried Ost;Obersendling' in object 'home'
  'F<c3><bc>rstenegger' in object 'home'
  'F<c3><bc>rstenrieder Stra<c3><9f>e' in object 'home'
  'F<c3><bc>rstenried Ost' in object 'home'
  'F<c3><bc>rstenried West' in object 'home'
  'G<c3><a4>nseliesel-Brunnen' in object 'home'
  'G<c3><a4>rtnerei Zanker' in object 'home'
  'Geisenhausenerstra<c3><9f>e' in object 'home'
  'Gmunder Stra<c3><9f>e' in object 'home'
  'Grabmannstra<c3><9f>e' in object 'home'
  'Gr<c3><a4>felfinger Stra<c3><9f>e' in object 'home'
  'Gro<c3><9f>hadern' in object 'home'
  'Guardinistra<c3><9f>e' in object 'home'
  'Hans-Gr<c3><a4>ssel-Weg' in object 'home'
  'Hausbank M<c3><bc>nchen' in object 'home'
  'Hei<c3><9f>mangel' in object 'home'
  'Hier ist wegen Baustelle vor<c3><bc>bergehend kein Linksabbiegen m<c3><b6>glich' in object 'home'
  'H<c3><b6>glw<c3><b6>rther Str.391,81379 Muc,UT0,K1,stargazer2893' in object 'home'
  'H<c3><b6>glw<c3><b6>rther Stra<c3><9f>e' in object 'home'
  'H<c3><b6>ltystra<c3><9f>e' in object 'home'
  'Holzapfelkreuther Stra<c3><9f>e' in object 'home'
  'Hotel S<c3><a4>ntis Albert Fischer' in object 'home'
  'Implerstra<c3><9f>e' in object 'home'
  'info <c3><a4>t Sendlinger.de' in object 'home'
  'Johann-Clanze-Stra<c3><9f>e' in object 'home'
  'Juwelier Frie<c3><9f>' in object 'home'
  'Kistlerhofstra<c3><9f>e' in object 'home'
  'Kistlerhofstra<c3><9f>e (Hotel Holiday Inn)' in object 'home'
  'Klinikum Gro<c3><9f>hadern' in object 'home'
  'Kornwegerstra<c3><9f>e' in object 'home'
  'Kreuzhofstra<c3><9f>e' in object 'home'
  'Leonistra<c3><9f>e' in object 'home'
  'Leutstettener Stra<c3><9f>e' in object 'home'
  'Limmatstra<c3><9f>e' in object 'home'
  '*L* Links <c3><b6>ffnend' in object 'home'
  'L<c3><b6>wenbr<c3><a4>u' in object 'home'
  'L<c3><b6>wenbr<c3><a4>u; Spaten' in object 'home'
  'Machtlfinger Stra<c3><9f>e' in object 'home'
  'Meglingerstra<c3><9f>e' in object 'home'
  'Metzgerei Sch<c3><a4>bitz' in object 'home'
  'Mode f<c3><bc>r die Kleinsten' in object 'home'
  'M<c3><bc>ller' in object 'home'
  'M<c3><bc>nchen' in object 'home'
  'M<c3><bc>nchen,Bayern,Bundesrepublik Deutschland,Europe' in object 'home'
  'M<c3><bc>nchen-F<c3><bc>rstenried' in object 'home'
  'M<c3><bc>nchen-F<c3><bc>rstenried/Obersendling (Jakob H. Aigner Kfz-Serv...)' in object 'home'
  'M<c3><bc>nchen-Kreuzhof' in object 'home'
  'M<c3><bc>nchenstift Haus St. Josef' in object 'home'
  'M<c3><bc>nchner Verkehrsgesellschaft mbH' in object 'home'
  'M<c3><bc>nchner Volkshochschule' in object 'home'
  'M<c3><bc>nsinger Str.20,81477 Muc,UT90,K1,Friedrich' in object 'home'
  'Murnauer Stra<c3><9f>e' in object 'home'
  'Ohlstadter Stra<c3><9f>e' in object 'home'
  'Parf<c3><bc>merie K<c3><a4>mmerer' in object 'home'
  'Pests<c3><a4>ule' in object 'home'
  'Pilsenseestra<c3><9f>e' in object 'home'
  'Polizeiinspektion M<c3><bc>nchen 29 (Forstenried)' in object 'home'
  'Position pr<c3><bc>fen' in object 'home'
  'Radio G<c3><bc>nther' in object 'home'
  'Reformations-Ged<c3><a4>chtnis-Kirche (ev)' in object 'home'
  'Sanit<c3><a4>tsfachgesch<c3><a4>ft' in object 'home'
  'S<c3><a4>ntis' in object 'home'
  'Schloss F<c3><bc>rstenried' in object 'home'
  'Stadtsparkasse M<c3><bc>nchen' in object 'home'
  'Staffelseestra<c3><9f>e' in object 'home'
  'Steinetisch mit vier Steinst<c3><bc>hlen drumherum (also weder Bank noch Picknickplatz t<c3><a4>ten passen...)' in object 'home'
  'Steinmetzstra<c3><9f>e' in object 'home'
  'S<c3><bc>dpark' in object 'home'
  'S<c3><bc>dparkallee' in object 'home'
  'Tengelmann / B<c3><a4>cker M<c3><bc>ller' in object 'home'
  'Traudls Fr<c3><bc>chteparadies' in object 'home'
  'Treffauerstra<c3><9f>e' in object 'home'
  'U6 Westpark Eingang Treffauer Stra<c3><9f>e' in object 'home'
  'Waldfriedhofstra<c3><9f>e' in object 'home'
  'Waldfriedhofstra<c3><9f>e (Waldfriedhof)' in object 'home'
  'Werdenfelsstra<c3><9f>e' in object 'home'
  'Winterthurer Stra<c3><9f>e' in object 'home'
  'W<c3><b6>llinger' in object 'home'
  'W<c3><bc>rmseestr.26,81476 Muc,UT0,K1,kili9r' in object 'home'
  'W<c3><bc>rmseestr.30,81476 Muc,UT0,K1,cmbranco' in object 'home'
  'W<c3><bc>rmseestr.42,81476 Muc,UT90,K1,magnacus' in object 'home'
  'W<c3><bc>rmseestr.62,81476 Muc,UT60,K1,TMaaan' in object 'home'
  'W<c3><bc>rmseestra<c3><9f>e' in object 'home'
  'Zirler Stra<c3><9f>e' in object 'home'
  'Zitzelsbergerstra<c3><9f>e' in object 'home'
  'Z<c3><bc>richer Stra<c3><9f>e' in object 'home'
  'Zur Wald-H<c3><bc>tt'n' in object 'home'
  'zwischendrin ist tats<c3><a4>chlich eine Nummer 82a  eingef<c3><bc>gt' in object 'home'
  'Albert-Ro<c3><9f>haupter-Stra<c3><9f>e' in object 'home'
  'Allmannshausener Stra<c3><9f>e' in object 'home'
  'Almbachstra<c3><9f>e' in object 'home'
  'Alpseestra<c3><9f>e' in object 'home'
  'Altenastra<c3><9f>e' in object 'home'
  'Ammergaustra<c3><9f>e' in object 'home'
  'Ammerlandstra<c3><9f>e' in object 'home'
  'ARAL Autow<c3><a4>sche' in object 'home'
  'Arnrieder Stra<c3><9f>e' in object 'home'
  'Asperstra<c3><9f>e' in object 'home'
  'Aufkirchener Stra<c3><9f>e' in object 'home'
  'Autohaus Wickenh<c3><a4>user' in object 'home'
  'Baderseestra<c3><9f>e' in object 'home'
  'Baldrianstra<c3><9f>e' in object 'home'
  'Barbierstra<c3><9f>e' in object 'home'
  'Barmseestra<c3><9f>e' in object 'home'
  'Bayerische Hypo- und Vereinsbank AG, Fil. F<c3><bc>rstenried-Ost' in object 'home'
  'Bernrieder Stra<c3><9f>e' in object 'home'
  'Bezirksteil Forstenried / F<c3><bc>rstenried' in object 'home'
  'Birkenhainstra<c3><9f>e' in object 'home'
  'Bitte Verlauf korrigieren. Nur in etwa abgesch<c3><a4>tzt.' in object 'home'
  'BMW Niederlassung Barmseestra<c3><9f>e' in object 'home'
  'BMW Niederlassung M<c3><bc>nchen Filiale Solln' in object 'home'
  'Bortenhofstra<c3><9f>e' in object 'home'
  'Bramburgstra<c3><9f>e' in object 'home'
  'Breitbrunner Stra<c3><9f>e' in object 'home'
  'Canisiusstra<c3><9f>e' in object 'home'
  'Chrysanthemenstra<c3><9f>e' in object 'home'
  'Cochemstra<c3><9f>e' in object 'home'
  'Dauthendeystra<c3><9f>e' in object 'home'
  'de:Waldfriedhof_(M<c3><bc>nchen)' in object 'home'
  'D<c3><b6>nnigesstra<c3><9f>e' in object 'home'
  'Echelsbacher Stra<c3><9f>e' in object 'home'
  'ehemaliger Firmenparkplatz, Status unklar, Schrank zur Aidenbachstra<c3><9f>e immer geschlossen, zur Geisenhauser Str. offen' in object 'home'
  'Ehrenfelsstra<c3><9f>e' in object 'home'
  'Eibseestra<c3><9f>e' in object 'home'
  'Eichendorffstra<c3><9f>e' in object 'home'
  'Elmauer Stra<c3><9f>e' in object 'home'
  'Eschenloher Stra<c3><9f>e' in object 'home'
  'Esterbergstra<c3><9f>e' in object 'home'
  'Farchanter Stra<c3><9f>e' in object 'home'
  'Fatimastra<c3><9f>e' in object 'home'
  'FC Hertha M<c3><bc>nchen e.V.' in object 'home'
  'Ferchenseestra<c3><9f>e' in object 'home'
  'Filchnerstra<c3><9f>e' in object 'home'
  'Forum F<c3><bc>rstenried' in object 'home'
  'Franz-Senn-Stra<c3><9f>e' in object 'home'
  'Freibergseestra<c3><9f>e' in object 'home'
  'Friedrich-List-Stra<c3><9f>e' in object 'home'
  'Frillenseestra<c3><9f>e' in object 'home'
  'Fritz-Baer-Stra<c3><9f>e' in object 'home'
  'Fu<c3><9f>weg-Verkehrsschild nur von S<c3><bc>den kommend! Ist mit dem Schild eventuell der Trampelpfad gemeint?' in object 'home'
  'Gaberlstra<c3><9f>e' in object 'home'
  'Garmischer Stra<c3><9f>e' in object 'home'
  'Gerokstra<c3><9f>e' in object 'home'
  'Geroldseckstra<c3><9f>e' in object 'home'
  'Gilmstra<c3><9f>e' in object 'home'
  'Gnadenthaler Stra<c3><9f>e' in object 'home'
  'Goldhoferstra<c3><9f>e' in object 'home'
  'Goldregenstra<c3><9f>e' in object 'home'
  'Graswanger Stra<c3><9f>e' in object 'home'
  'Grund-/Hauptschule an der Zielstattstra<c3><9f>e' in object 'home'
  'Grundschule an der Berner Stra<c3><9f>e' in object 'home'
  'G<c3><bc><c3><9f>feldtweg' in object 'home'
  'Gysisstra<c3><9f>e' in object 'home'
  'Habacher Stra<c3><9f>e' in object 'home'
  'Hallgartenstra<c3><9f>e' in object 'home'
  'Halskestra<c3><9f>e' in object 'home'
  'Hammersbacher Stra<c3><9f>e' in object 'home'
  'Harmatinger Stra<c3><9f>e' in object 'home'
  'Hauffstra<c3><9f>e' in object 'home'
  'haupts<c3><a4>chlich f<c3><bc>r Gewerbe genutze ehemalige Werkhallen' in object 'home'
  'Hechendorfer Stra<c3><9f>e' in object 'home'
  'Heckenrosenstra<c3><9f>e' in object 'home'
  'Heckenstallerstra<c3><9f>e' in object 'home'
  'Heizkraftwerk stillgelegt 1999, Stadtwerke M<c3><bc>nchen verkauft 2010, Sanierung ab 2010, Umbau ab 2012' in object 'home'
  'Helfenriederstra<c3><9f>e' in object 'home'
  'Herrschinger Stra<c3><9f>e' in object 'home'
  'Hirnerstra<c3><9f>e' in object 'home'
  'Hirsch-Gereuth-Stra<c3><9f>e' in object 'home'
  'Hirtent<c3><a4>schelweg' in object 'home'
  'Hochwannerstra<c3><9f>e' in object 'home'
  'Hohenklingenstra<c3><9f>e' in object 'home'
  'Hohenleitenstra<c3><9f>e' in object 'home'
  'H<c3><b6>henrainer Stra<c3><9f>e' in object 'home'
  'H<c3><b6>lderlinstra<c3><9f>e' in object 'home'
  'Holiday Inn M<c3><bc>nchen S<c3><bc>d' in object 'home'
  'H<c3><b6>llentalstra<c3><9f>e' in object 'home'
  'Holsteiner Stra<c3><9f>e' in object 'home'
  'Holzhausener Stra<c3><9f>e' in object 'home'
  'Huglfinger Stra<c3><9f>e' in object 'home'
  'Hunkelestra<c3><9f>e' in object 'home'
  'Ich wei<c3><9f> nicht genau wo aber irgendow hier ist neuerdings ne Wendem<c3><b6>glichkeit' in object 'home'
  'Iffeldorfer Stra<c3><9f>e' in object 'home'
  'Illingstra<c3><9f>e' in object 'home'
  'Innerkoflerstra<c3><9f>e' in object 'home'
  'Inninger Stra<c3><9f>e' in object 'home'
  'Italienischer Milit<c3><a4>rfriedhof' in object 'home'
  'Jean-Paul-Richter-Stra<c3><9f>e' in object 'home'
  'Johann-Houis-Stra<c3><9f>e' in object 'home'
  'Josef-Naus-Stra<c3><9f>e' in object 'home'
  'Jugendfreizeitst<c3><a4>tte / Treibhaus' in object 'home'
  'Juifenstra<c3><9f>e' in object 'home'
  'Kaltenbrunner Stra<c3><9f>e' in object 'home'
  'Karl-Witthalm-Stra<c3><9f>e' in object 'home'
  'Kederbacherstra<c3><9f>e' in object 'home'
  'Kerschlacher Stra<c3><9f>e' in object 'home'
  'Kleingartenanlage Waldesruh (S<c3><bc>d-West 8)' in object 'home'
  'Kl<c3><bc>ber Lubrication' in object 'home'
  'Kn<c3><b6>pflerstra<c3><9f>e' in object 'home'
  'K<c3><b6>glspergerweg' in object 'home'
  'Kohlgruber Stra<c3><9f>e' in object 'home'
  'Konrad-Celtis-Stra<c3><9f>e' in object 'home'
  'Kornweger Stra<c3><9f>e' in object 'home'
  'Kriegerheimstra<c3><9f>e' in object 'home'
  'Krottenkopfstra<c3><9f>e' in object 'home'
  'Kruckenburgstra<c3><9f>e' in object 'home'
  'Kuhfluchtstra<c3><9f>e' in object 'home'
  'Laberstra<c3><9f>e' in object 'home'
  'Lauterseestra<c3><9f>e' in object 'home'
  'Leo-Graetz-Stra<c3><9f>e' in object 'home'
  'Lichtensteinstra<c3><9f>e' in object 'home'
  'Linderhofstra<c3><9f>e' in object 'home'
  'Loisachstra<c3><9f>e' in object 'home'
  'l<c3><b6>schen, sobald alle Eigenschaften am neuen Friedhofspolygon eingetragen sind' in object 'home'
  'Mainburger Stra<c3><9f>e' in object 'home'
  'Markomannenstra<c3><9f>e' in object 'home'
  'Mauth<c3><a4>uslstra<c3><9f>e' in object 'home'
  'Mini M<c3><bc>nchen Solln' in object 'home'
  'Mittenwalder Stra<c3><9f>e' in object 'home'
  'MTV-M<c3><bc>nchen von 1879 e.V.' in object 'home'
  'M<c3><bc>nsinger Stra<c3><9f>e' in object 'home'
  'Neufriedenheimer Stra<c3><9f>e' in object 'home'
  'Niederwaldstra<c3><9f>e' in object 'home'
  'Nothkaufstra<c3><9f>e' in object 'home'
  'N<c3><bc>rnberg' in object 'home'
  'Oberascherstra<c3><9f>e' in object 'home'
  'Oberauer Stra<c3><9f>e' in object 'home'
  '<c3><96>cklweg' in object 'home'
  'Olympiastra<c3><9f>e' in object 'home'
  'Oppenrieder Stra<c3><9f>e' in object 'home'
  'Ortenburgstra<c3><9f>e' in object 'home'
  'Osterseenstra<c3><9f>e' in object 'home'
  'Ostmarkstra<c3><9f>e' in object 'home'
  '<c3><96>tschmannweg' in object 'home'
  'P<c3><a4>hlstra<c3><9f>e' in object 'home'
  'Partenkirchner Stra<c3><9f>e' in object 'home'
  'Penzberger Stra<c3><9f>e' in object 'home'
  'Perchastra<c3><9f>e' in object 'home'
  'Perchtinger Stra<c3><9f>e' in object 'home'
  'Pfingstrosenstra<c3><9f>e' in object 'home'
  'Pidinger Stra<c3><9f>e' in object 'home'
  'Platanenstra<c3><9f>e' in object 'home'
  'Plazerstra<c3><9f>e' in object 'home'
  'Pollinger Stra<c3><9f>e' in object 'home'
  'Porsche Zentrum M<c3><bc>nchen S<c3><bc>d' in object 'home'
  'Possenhofener Stra<c3><9f>e' in object 'home'
  'Postfiliale H<c3><b6>ltystra<c3><9f>e' in object 'home'
  'Rad/Fu<c3><9f>weg Albert-Ro<c3><9f>haupter-Stra<c3><9f>e' in object 'home'
  'Ramsauer Stra<c3><9f>e' in object 'home'
  'Rappenseestra<c3><9f>e' in object 'home'
  'Rheinsteinstra<c3><9f>e' in object 'home'
  'Riegseestra<c3><9f>e' in object 'home'
  'Rie<c3><9f>erseestra<c3><9f>e' in object 'home'
  'Rodensteinstra<c3><9f>e' in object 'home'
  'Rohrauerstra<c3><9f>e' in object 'home'
  'Rolandseckstra<c3><9f>e' in object 'home'
  'Rottenbucher Stra<c3><9f>e' in object 'home'
  'Rudelsburgstra<c3><9f>e' in object 'home'
  'Rueppstra<c3><9f>e' in object 'home'
  'Saalachseestra<c3><9f>e' in object 'home'
  'Saalburgstra<c3><9f>e' in object 'home'
  'Salzachstra<c3><9f>e' in object 'home'
  'Schaffhauser Stra<c3><9f>e' in object 'home'
  'Scharnitzstra<c3><9f>e' in object 'home'
  'Schertlinstra<c3><9f>e' in object 'home'
  'Schinnaglstra<c3><9f>e' in object 'home'
  'Schlo<c3><9f>-Prunn-Stra<c3><9f>e' in object 'home'
  'Schl<c3><bc>sselblumenweg' in object 'home'
  'Schmuzerstra<c3><9f>e' in object 'home'
  'Schondorfer Stra<c3><9f>e' in object 'home'
  'Schongauerstra<c3><9f>e' in object 'home'
  'Schuckertstra<c3><9f>e' in object 'home'
  'Sch<c3><bc>sselkarstra<c3><9f>e' in object 'home'
  'Seebenseestra<c3><9f>e' in object 'home'
  'Seefelder Stra<c3><9f>e' in object 'home'
  'Seehauser Stra<c3><9f>e' in object 'home'
  'Seeshaupter Stra<c3><9f>e' in object 'home'
  'Seumestra<c3><9f>e' in object 'home'
  'Silberblattstra<c3><9f>e' in object 'home'
  'Slevogtstra<c3><9f>e' in object 'home'
  'Solothurner Stra<c3><9f>e' in object 'home'
  'Sonnblickstra<c3><9f>e' in object 'home'
  'Sonnenblumenstra<c3><9f>e' in object 'home'
  'Sportpark Werdenfelsstra<c3><9f>e' in object 'home'
  'St<c3><a4>dtisches Thomas-Mann-Gymnasium' in object 'home'
  'St<c3><a4>dt. Kindertagesst<c3><a4>tte Walliser Stra<c3><9f>e' in object 'home'
  'Stadtwerke M<c3><bc>nchen' in object 'home'
  'Stahleckstra<c3><9f>e' in object 'home'
  'Staltacher Stra<c3><9f>e' in object 'home'
  'Starnberger Stra<c3><9f>e' in object 'home'
  'St. Karl Borrom<c3><a4>us' in object 'home'
  'Stolzenfelsstra<c3><9f>e' in object 'home'
  'Streiflacher Stra<c3><9f>e' in object 'home'
  'Tengelmann / B<c3><a4>ckerei Ihle' in object 'home'
  'Teschener Stra<c3><9f>e' in object 'home'
  'Toni's pr<c3><a4>mierte Bratwurst & Currywurst' in object 'home'
  'Tratzbergstra<c3><9f>e' in object 'home'
  'Traubinger Stra<c3><9f>e' in object 'home'
  'Trautweinstra<c3><9f>e' in object 'home'
  'Tunnel-Baustelle Mittlerer Ring S<c3><bc>dwest' in object 'home'
  'Uffinger Stra<c3><9f>e' in object 'home'
  'Umspannwerk Kistlerhofstra<c3><9f>e' in object 'home'
  'Uttinger Stra<c3><9f>e' in object 'home'
  'Viertel Kreuzhof / F<c3><bc>rstenried-Ost' in object 'home'
  'Walchstadter Stra<c3><9f>e' in object 'home'
  'Waldsaumstra<c3><9f>e' in object 'home'
  'Walliser Stra<c3><9f>e' in object 'home'
  'Wallmenichstra<c3><9f>e' in object 'home'
  'Wankstra<c3><9f>e' in object 'home'
  'Waxensteinstra<c3><9f>e' in object 'home'
  'Weilheimer Stra<c3><9f>e' in object 'home'
  'Wei<c3><9f>kirchner Stra<c3><9f>e' in object 'home'
  'Wessobrunner Stra<c3><9f>e' in object 'home'
  'Wilhelm-Weitling-Stra<c3><9f>e' in object 'home'
  'Windeckstra<c3><9f>e' in object 'home'
  'W<c3><bc>rmseeplatz' in object 'home'
  'W<c3><bc>rmtalstra<c3><9f>e' in object 'home'
  'Zavelsteinstra<c3><9f>e' in object 'home'
  'Zielstattstra<c3><9f>e' in object 'home'
  'Z<c3><b6>llerstra<c3><9f>e' in object 'home'
  '<d0><92><d0><b0><d0><bb><d1><8c><d0><b4><d1><84><d1><80><d0><b8><d0><b4><d1><85><d0><be><d1><84>' in object 'home'
  'Gl<c3><bc>hw<c3><bc>rmchen' in object 'home'
  '136 Solln (S) - Aidenbachstra<c3><9f>e (U)' in object 'home'
  '53 M<c3><bc>nchner Freiheit - Aidenbachstra<c3><9f>e' in object 'home'
  '81369 M<c3><bc>nchen' in object 'home'
  '81373 M<c3><bc>nchen' in object 'home'
  '81375 M<c3><bc>nchen' in object 'home'
  '81377 M<c3><bc>nchen' in object 'home'
  '81379 M<c3><bc>nchen' in object 'home'
  '81475 M<c3><bc>nchen' in object 'home'
  '81476 M<c3><bc>nchen' in object 'home'
  '81477 M<c3><bc>nchen' in object 'home'
  'A 95 Garmisch-Partenkirchen - M<c3><bc>nchen [negative]' in object 'home'
  'A 95 Garmisch-Partenkirchen - M<c3><bc>nchen [positive]' in object 'home'
  '<c3><84>RR' in object 'home'
  'Bezirksteil F<c3><bc>rstenried' in object 'home'
  'Bezirksteil Gro<c3><9f>hadern' in object 'home'
  'Bundesstra<c3><9f>e 2R' in object 'home'
  'de:Bundesstra<c3><9f>e 2R' in object 'home'
  'Europastra<c3><9f>en' in object 'home'
  'Europav<c3><a4>gar' in object 'home'
  'Evropsk<c3><a9> silnice' in object 'home'
  'Fahrradhauptroute <c3><84>u<c3><9f>erer Radlring S<c3><bc>d' in object 'home'
  'Fahrradhauptroute <c3><84>u<c3><9f>erer Radlring West' in object 'home'
  'Fahrradhauptroute Marienplatz - F<c3><bc>rstenried' in object 'home'
  'Fahrradhauptroute Marienplatz - Gro<c3><9f>hadern' in object 'home'
  'FIXME Nur grob eingezeichnet, um Relation schlie<c3><9f>en zu k<c3><b6>nnen' in object 'home'
  'LH M<c3><bc>nchen Baureferat' in object 'home'
  'MetroBus 51: Aidenbachstra<c3><9f>e => Moosach Bahnhof' in object 'home'
  'MetroBus 51: Moosach Bahnhof => Aidenbachstra<c3><9f>e' in object 'home'
  'MetroBus 51: Moosach Bahnhof - Aidenbachstra<c3><9f>e' in object 'home'
  'Metrobus 53: Aidenbachstra<c3><9f>e => M<c3><bc>nchner Freiheit' in object 'home'
  'Metrobus 53: M<c3><bc>nchner Freiheit => Aidenbachstra<c3><9f>e' in object 'home'
  'MetroBus 54: M<c3><bc>nchner Freiheit - Lorettoplatz' in object 'home'
  'Mi<c4><99>dzynarodowa sie<c4><87> tras europejskich' in object 'home'
  'M<c3><bc>nchner Freiheit' in object 'home'
  'M<c3><bc>nchner Verkehrsverbund' in object 'home'
  'N40 F<c3><bc>rstenried West - Kieferngarten' in object 'home'
  'N40 Kieferngarten - F<c3><bc>rstenried West' in object 'home'
  'N41 Fritz-Meyer-Weg - Klinikum Gro<c3><9f>hadern' in object 'home'
  'N41 Klinikum Gro<c3><9f>hadern - Fritz-Meyer-Weg' in object 'home'
  'Routes europ<c3><a9>ennes' in object 'home'
  'Stadtbezirk 19 Thalkirchen-Obersendling-Forstenried-F<c3><bc>rstenried-Solln' in object 'home'
  's<c3><bc>dlicher Abschnitt der Ringroute' in object 'home'
  'U-Bahn U6: Garching-Forschungszentrum <=> Klinikum Gro<c3><9f>hadern' in object 'home'
  'westlicher Abschnitt des <c3><84>u<c3><9f>eren Radlrings' in object 'home'
  'Zitelsbergerstra<c3><9f>e' in object 'home'
  '<d0><95><d0><b2><d1><80><d0><be><d0><bf><d0><b5><d0><b9><d1><81><d0><ba><d0><b0> <d0><bf><d1><8a><d1><82><d0><bd><d0><b0> <d0><bc><d1><80><d0><b5><d0><b6><d0><b0>' in object 'home'
  'Eckhart W<c3><b6>rner' in object 'home.sp'
  'Gl<c3><bc>cki' in object 'home.sp'
  'jr<c3><b6>' in object 'home.sp'
  'Tsch<c3><a4>fer' in object 'home.sp'
  'Walter Schl<c3><b6>gl' in object 'home.sp'
  'Gl<c3><bc>hw<c3><bc>rmchen' in object 'home.sp'
* checking examples ... NONE
* checking PDF version of manual ... WARNING
LaTeX errors when creating PDF version.
This typically indicates Rd problems.
* checking PDF version of manual without hyperrefs or index ... OK
WARNING: There were 8 warnings, see
  ‘/home/chris/Dropbox/svgmaps/pkg.Rcheck/00check.log’
for details
